2025-12-01 22:16:50,460 - server - INFO - User rohan1 logged in
2025-12-01 22:16:52,667 - server - INFO - User rohan1 logged in
2025-12-01 22:16:52,725 - server - INFO - Weekly volume calculation
2025-12-01 22:16:54,893 - server - INFO - User rohan1 logged in
2025-12-01 22:17:39,054 - server - INFO - User rohan1 logged in
2025-12-02 14:52:44,403 - server - INFO - User rohan1 logged in
2025-12-02 14:52:46,558 - server - INFO - User rohan1 logged in
2025-12-02 14:53:28,489 - server - INFO - User rohan1 logged in
2025-12-02 14:53:30,635 - server - INFO - User rohan1 logged in
2025-12-02 14:53:32,829 - server - INFO - User rohan1 logged in
2025-12-02 14:53:32,890 - server - INFO - User created session id=294
2025-12-02 14:54:15,538 - server - INFO - User rohan1 logged in
2025-12-02 14:54:17,685 - server - INFO - User rohan1 logged in
2025-12-02 14:54:19,839 - server - INFO - User rohan1 logged in
2025-12-02 14:54:19,957 - server - INFO - User created log id=268
2025-12-02 14:54:29,522 - server - INFO - User rohan1 logged in
2025-12-02 14:54:31,627 - server - INFO - User rohan1 logged in
2025-12-02 14:54:33,828 - server - INFO - User rohan1 logged in
2025-12-02 14:54:33,886 - server - INFO - User created measurement id=267
2025-12-02 14:54:42,337 - server - INFO - User rohan1 logged in
2025-12-02 14:54:48,492 - server - INFO - User rohan1 logged in
2025-12-02 14:54:48,567 - server - INFO - Weekly volume calculation
2025-12-02 14:54:50,701 - server - INFO - User rohan1 logged in
2025-12-02 14:54:57,953 - server - INFO - User rohan1 logged in
2025-12-02 14:55:00,144 - server - INFO - User rohan1 logged in
2025-12-02 14:55:00,203 - server - INFO - Weekly volume calculation
2025-12-02 14:55:02,310 - server - INFO - User rohan1 logged in
2025-12-02 14:55:20,778 - server - INFO - User rohan1 logged in
2025-12-02 14:55:52,937 - server - INFO - User admin logged in
2025-12-02 14:55:55,107 - server - INFO - User admin logged in
2025-12-02 14:56:25,000 - server - INFO - User admin logged in
2025-12-02 14:56:27,146 - server - INFO - User admin logged in
2025-12-02 14:56:29,311 - server - INFO - User admin logged in
2025-12-02 14:56:37,796 - server - INFO - User admin logged in
2025-12-02 14:56:39,985 - server - INFO - User admin logged in
2025-12-02 14:56:40,072 - server - INFO - Weekly volume calculation
2025-12-02 14:56:42,191 - server - INFO - User admin logged in
2025-12-02 14:57:58,631 - server - INFO - User admin logged in
2025-12-02 14:58:00,776 - server - INFO - User admin logged in
2025-12-02 15:06:57,913 - server - INFO - User rohan1 logged in
2025-12-02 15:07:00,045 - server - INFO - User rohan1 logged in
2025-12-02 15:07:33,916 - server - INFO - User rohan1 logged in
2025-12-02 15:07:36,022 - server - INFO - User rohan1 logged in
2025-12-02 15:07:38,181 - server - INFO - User rohan1 logged in
2025-12-02 15:07:38,238 - server - INFO - User created session id=295
2025-12-02 15:08:05,698 - server - INFO - User rohan1 logged in
2025-12-02 15:08:07,838 - server - INFO - User rohan1 logged in
2025-12-02 15:08:10,028 - server - INFO - User rohan1 logged in
2025-12-02 15:08:10,145 - server - INFO - User created log id=269
2025-12-02 15:08:15,537 - server - INFO - User rohan1 logged in
2025-12-02 15:08:17,629 - server - INFO - User rohan1 logged in
2025-12-02 15:08:19,812 - server - INFO - User rohan1 logged in
2025-12-02 15:08:19,870 - server - INFO - User created measurement id=268
2025-12-02 15:08:27,344 - server - INFO - User rohan1 logged in
2025-12-02 15:08:29,536 - server - INFO - User rohan1 logged in
2025-12-02 15:08:29,603 - server - INFO - Weekly volume calculation
2025-12-02 15:08:31,725 - server - INFO - User rohan1 logged in
2025-12-02 15:08:36,015 - server - INFO - User rohan1 logged in
2025-12-02 15:08:38,216 - server - INFO - User rohan1 logged in
2025-12-02 15:08:38,278 - server - INFO - Weekly volume calculation
2025-12-02 15:08:40,421 - server - INFO - User rohan1 logged in
2025-12-02 15:10:46,306 - server - INFO - User rohan1 logged in
2025-12-02 15:10:48,388 - server - INFO - User rohan1 logged in
2025-12-02 15:11:30,197 - server - INFO - User admin logged in
2025-12-02 15:11:32,366 - server - INFO - User admin logged in
2025-12-02 15:12:09,009 - server - INFO - User admin logged in
2025-12-02 15:12:11,207 - server - INFO - User admin logged in
2025-12-02 15:12:13,394 - server - INFO - User admin logged in
2025-12-02 15:15:57,621 - server - INFO - User admin logged in
2025-12-02 15:15:59,802 - server - INFO - User admin logged in
2025-12-02 15:16:18,596 - server - INFO - User admin logged in
2025-12-02 15:16:20,769 - server - INFO - User admin logged in
2025-12-02 15:16:22,922 - server - INFO - User admin logged in
2025-12-02 15:19:23,483 - server - INFO - User admin logged in
2025-12-02 15:19:25,659 - server - INFO - User admin logged in
2025-12-02 15:19:27,819 - server - INFO - User admin logged in
2025-12-02 15:20:16,916 - server - INFO - User admin logged in
2025-12-02 15:20:19,065 - server - INFO - User admin logged in
2025-12-02 15:20:21,228 - server - INFO - User admin logged in
2025-12-02 15:21:00,750 - server - INFO - User admin logged in
2025-12-02 15:21:02,880 - server - INFO - User admin logged in
2025-12-02 15:21:05,030 - server - INFO - User admin logged in
2025-12-02 15:21:05,082 - server - INFO - Admin updated id=1 username=pavan1
2025-12-02 15:39:59,458 - server - INFO - User admin logged in
2025-12-02 15:40:01,630 - server - INFO - User admin logged in
2025-12-02 15:40:11,640 - server - INFO - User admin logged in
2025-12-02 15:40:13,785 - server - INFO - User admin logged in
2025-12-02 15:40:15,940 - server - INFO - User admin logged in
2025-12-02 15:40:21,500 - server - INFO - User admin logged in
2025-12-02 15:40:23,670 - server - INFO - User admin logged in
2025-12-02 15:40:23,726 - server - INFO - Weekly volume calculation
2025-12-02 15:40:25,817 - server - INFO - User admin logged in
2025-12-02 15:40:31,379 - server - INFO - User admin logged in
2025-12-02 15:40:33,549 - server - INFO - User admin logged in
2025-12-02 15:40:33,611 - server - INFO - Weekly volume calculation
2025-12-02 15:40:35,706 - server - INFO - User admin logged in
2025-12-02 15:40:43,276 - server - INFO - User admin logged in
2025-12-02 15:40:45,488 - server - INFO - User admin logged in
2025-12-02 15:40:45,547 - server - INFO - Weekly volume calculation
2025-12-02 15:40:47,679 - server - INFO - User admin logged in
2025-12-02 15:40:53,540 - server - INFO - User admin logged in
2025-12-02 15:40:55,701 - server - INFO - User admin logged in
2025-12-02 15:41:30,504 - server - INFO - User admin logged in
2025-12-02 15:41:32,641 - server - INFO - User admin logged in
2025-12-02 15:41:34,780 - server - INFO - User admin logged in
2025-12-02 15:41:34,841 - server - INFO - Admin updated id=1 username=pavan12
2025-12-02 15:42:18,441 - server - INFO - User pavan12 logged in
2025-12-02 15:42:20,611 - server - INFO - User pavan12 logged in
2025-12-02 15:42:35,139 - server - INFO - User pavan12 logged in
2025-12-02 15:42:37,286 - server - INFO - User pavan12 logged in
2025-12-02 15:42:39,438 - server - INFO - User pavan12 logged in
2025-12-02 15:42:48,752 - server - INFO - User pavan12 logged in
2025-12-02 15:42:50,903 - server - INFO - User pavan12 logged in
2025-12-02 15:42:53,052 - server - INFO - User pavan12 logged in
2025-12-02 15:44:38,237 - server - INFO - User pavan12 logged in
2025-12-02 15:44:40,383 - server - INFO - User pavan12 logged in
2025-12-02 15:44:42,546 - server - INFO - User pavan12 logged in
2025-12-02 15:44:42,599 - server - INFO - Admin updated id=1 username=admin
2025-12-02 15:45:56,329 - server - INFO - User rohan1 logged in
2025-12-02 15:45:58,433 - server - INFO - User rohan1 logged in
2025-12-02 15:46:07,297 - server - INFO - User rohan1 logged in
2025-12-02 15:46:09,470 - server - INFO - User rohan1 logged in
2025-12-02 15:46:09,522 - server - INFO - Weekly volume calculation
2025-12-02 15:46:11,626 - server - INFO - User rohan1 logged in
2025-12-02 15:46:16,929 - server - INFO - User rohan1 logged in
2025-12-02 15:46:19,061 - server - INFO - User rohan1 logged in
2025-12-02 15:47:16,929 - server - INFO - User rohan1 logged in
2025-12-02 15:47:19,056 - server - INFO - User rohan1 logged in
2025-12-02 15:47:51,342 - server - INFO - User rohan1 logged in
2025-12-02 15:47:53,455 - server - INFO - User rohan1 logged in
2025-12-02 15:47:55,617 - server - INFO - User rohan1 logged in
2025-12-02 15:47:55,676 - server - INFO - User created session id=296
2025-12-02 15:48:28,816 - server - INFO - User rohan1 logged in
2025-12-02 15:48:30,956 - server - INFO - User rohan1 logged in
2025-12-02 15:48:33,121 - server - INFO - User rohan1 logged in
2025-12-02 15:48:33,234 - server - INFO - User created log id=270
2025-12-02 15:48:49,254 - server - INFO - User rohan1 logged in
2025-12-02 15:48:51,381 - server - INFO - User rohan1 logged in
2025-12-02 15:48:53,551 - server - INFO - User rohan1 logged in
2025-12-02 15:48:53,610 - server - INFO - User created measurement id=269
2025-12-02 15:49:02,038 - server - INFO - User rohan1 logged in
2025-12-02 15:49:04,240 - server - INFO - User rohan1 logged in
2025-12-02 15:49:04,312 - server - INFO - Weekly volume calculation
2025-12-02 15:49:06,444 - server - INFO - User rohan1 logged in
2025-12-02 15:49:08,960 - server - INFO - User rohan1 logged in
2025-12-02 15:49:11,143 - server - INFO - User rohan1 logged in
2025-12-02 15:49:11,205 - server - INFO - Weekly volume calculation
2025-12-02 15:49:13,317 - server - INFO - User rohan1 logged in
2025-12-02 15:49:35,043 - server - INFO - User rohan1 logged in
2025-12-02 15:49:56,664 - server - INFO - User admin logged in
2025-12-02 15:49:58,869 - server - INFO - User admin logged in
2025-12-02 15:50:54,219 - server - INFO - User admin logged in
2025-12-02 15:50:56,405 - server - INFO - User admin logged in
2025-12-02 15:50:58,559 - server - INFO - User admin logged in
2025-12-02 15:53:08,524 - server - INFO - User rohan1 logged in
2025-12-02 15:53:10,642 - server - INFO - User rohan1 logged in
2025-12-02 15:53:31,762 - server - INFO - User rohan1 logged in
2025-12-02 15:53:33,902 - server - INFO - User rohan1 logged in
2025-12-02 15:53:36,088 - server - INFO - User rohan1 logged in
2025-12-02 15:53:36,145 - server - INFO - User created session id=297
2025-12-02 15:54:04,187 - server - INFO - User rohan1 logged in
2025-12-02 15:54:06,322 - server - INFO - User rohan1 logged in
2025-12-02 15:54:08,530 - server - INFO - User rohan1 logged in
2025-12-02 15:54:08,644 - server - INFO - User created log id=271
2025-12-02 15:54:15,305 - server - INFO - User rohan1 logged in
2025-12-02 15:54:17,452 - server - INFO - User rohan1 logged in
2025-12-02 15:54:19,667 - server - INFO - User rohan1 logged in
2025-12-02 15:54:19,724 - server - INFO - User created measurement id=270
2025-12-02 15:54:28,432 - server - INFO - User rohan1 logged in
2025-12-02 15:54:30,663 - server - INFO - User rohan1 logged in
2025-12-02 15:54:30,730 - server - INFO - Weekly volume calculation
2025-12-02 15:54:32,835 - server - INFO - User rohan1 logged in
2025-12-02 15:54:33,996 - server - INFO - User rohan1 logged in
2025-12-02 15:54:36,200 - server - INFO - User rohan1 logged in
2025-12-02 15:54:36,263 - server - INFO - Weekly volume calculation
2025-12-02 15:54:38,390 - server - INFO - User rohan1 logged in
2025-12-02 15:54:50,432 - server - INFO - User rohan1 logged in
2025-12-02 15:54:52,685 - server - INFO - User rohan1 logged in
2025-12-02 15:54:52,746 - server - INFO - Weekly volume calculation
2025-12-02 15:54:54,905 - server - INFO - User rohan1 logged in
2025-12-02 15:55:16,684 - server - INFO - User rohan1 logged in
2025-12-02 15:55:18,830 - server - INFO - User rohan1 logged in
2025-12-02 15:55:43,973 - server - INFO - User admin logged in
2025-12-02 15:55:46,127 - server - INFO - User admin logged in
2025-12-02 15:56:52,363 - server - INFO - User admin logged in
2025-12-02 15:56:54,573 - server - INFO - User admin logged in
2025-12-02 15:56:56,805 - server - INFO - User admin logged in
2025-12-02 15:57:27,816 - server - INFO - User admin logged in
2025-12-02 15:57:30,015 - server - INFO - User admin logged in
2025-12-02 15:57:32,221 - server - INFO - User admin logged in
2025-12-02 15:57:32,281 - server - INFO - User created session id=298
2025-12-02 15:58:02,841 - server - INFO - User admin logged in
2025-12-02 15:58:05,040 - server - INFO - User admin logged in
2025-12-02 15:58:07,218 - server - INFO - User admin logged in
2025-12-02 15:58:07,328 - server - INFO - User created log id=272
2025-12-02 15:58:19,021 - server - INFO - User admin logged in
2025-12-02 15:58:21,249 - server - INFO - User admin logged in
2025-12-02 15:58:23,472 - server - INFO - User admin logged in
2025-12-02 15:58:23,530 - server - INFO - User created measurement id=271
2025-12-02 15:58:39,148 - server - INFO - User admin logged in
2025-12-02 15:58:39,381 - server - INFO - User admin logged in
2025-12-02 15:58:39,624 - server - INFO - User admin logged in
2025-12-02 15:58:41,860 - server - INFO - User admin logged in
2025-12-02 15:59:48,261 - server - INFO - User admin logged in
2025-12-02 15:59:50,495 - server - INFO - User admin logged in
2025-12-02 15:59:52,764 - server - INFO - User admin logged in
2025-12-02 15:59:52,826 - server - INFO - Admin updated id=4 username=vicky
2025-12-02 16:00:01,743 - server - INFO - User admin logged in
2025-12-02 16:00:03,927 - server - INFO - User admin logged in
2025-12-02 16:00:06,148 - server - INFO - User admin logged in
2025-12-02 16:00:12,481 - server - INFO - User admin logged in
2025-12-02 16:00:14,713 - server - INFO - User admin logged in
2025-12-02 16:00:14,770 - server - INFO - Weekly volume calculation
2025-12-02 16:00:16,914 - server - INFO - User admin logged in
2025-12-02 16:00:29,099 - server - INFO - User admin logged in
2025-12-02 16:00:31,348 - server - INFO - User admin logged in
2025-12-02 16:00:31,404 - server - INFO - Weekly volume calculation
2025-12-02 16:00:33,572 - server - INFO - User admin logged in
